\BOOKMARK [0][]{section*.2}{\376\377\000A\000b\000b\000r\000e\000v\000i\000a\000t\000i\000o\000n\000s}{}% 1
\BOOKMARK [0][]{section*.3}{\376\377\000L\000i\000s\000t\000\040\000o\000f\000\040\000F\000i\000g\000u\000r\000e\000s}{}% 2
\BOOKMARK [0][]{section*.5}{\376\377\000L\000i\000s\000t\000\040\000o\000f\000\040\000T\000a\000b\000l\000e\000s}{}% 3
\BOOKMARK [0][]{section*.7}{\376\377\000L\000i\000s\000t\000\040\000o\000f\000\040\000C\000o\000d\000e\000\040\000S\000n\000i\000p\000p\000e\000t\000s}{}% 4
\BOOKMARK [0][]{chapter.1}{\376\377\000I\000n\000t\000r\000o\000d\000u\000c\000t\000i\000o\000n}{}% 5
\BOOKMARK [1][-]{section.1.1}{\376\377\000O\000b\000j\000e\000c\000t\000i\000v\000e\000s}{chapter.1}% 6
\BOOKMARK [1][-]{section.1.2}{\376\377\000O\000u\000t\000l\000i\000n\000e}{chapter.1}% 7
\BOOKMARK [0][]{chapter.2}{\376\377\000M\000u\000s\000i\000c\000\040\000I\000n\000f\000o\000r\000m\000a\000t\000i\000o\000n\000\040\000R\000e\000t\000r\000i\000e\000v\000a\000l\000\040\000a\000n\000d\000\040\000B\000i\000g\000\040\000D\000a\000t\000a}{}% 8
\BOOKMARK [1][-]{section.2.1}{\376\377\000T\000e\000r\000m\000i\000n\000o\000l\000o\000g\000y}{chapter.2}% 9
\BOOKMARK [1][-]{section.2.2}{\376\377\000A\000u\000d\000i\000o\000\040\000F\000e\000a\000t\000u\000r\000e\000s}{chapter.2}% 10
\BOOKMARK [2][-]{subsection.2.2.1}{\376\377\000F\000o\000u\000r\000i\000e\000r\000\040\000T\000r\000a\000n\000s\000f\000o\000r\000m\000a\000t\000i\000o\000n}{section.2.2}% 11
\BOOKMARK [2][-]{subsection.2.2.2}{\376\377\000M\000e\000l\000\040\000F\000r\000e\000q\000u\000e\000n\000c\000y\000\040\000C\000e\000p\000s\000t\000r\000a\000l\000\040\000C\000o\000e\000f\000f\000i\000c\000i\000e\000n\000t\000s}{section.2.2}% 12
\BOOKMARK [2][-]{subsection.2.2.3}{\376\377\000O\000t\000h\000e\000r\000\040\000A\000u\000d\000i\000o\000\040\000F\000e\000a\000t\000u\000r\000e\000s}{section.2.2}% 13
\BOOKMARK [1][-]{section.2.3}{\376\377\000M\000I\000R\000\040\000T\000o\000o\000l\000k\000i\000t\000s}{chapter.2}% 14
\BOOKMARK [2][-]{subsection.2.3.1}{\376\377\000L\000o\000w\000-\000L\000e\000v\000e\000l\000\040\000A\000u\000d\000i\000o\000\040\000F\000e\000a\000t\000u\000r\000e\000\040\000E\000x\000t\000r\000a\000c\000t\000i\000o\000n}{section.2.3}% 15
\BOOKMARK [2][-]{subsection.2.3.2}{\376\377\000M\000u\000s\000i\000c\000\040\000S\000i\000m\000i\000l\000a\000r\000i\000t\000y}{section.2.3}% 16
\BOOKMARK [2][-]{subsection.2.3.3}{\376\377\000M\000e\000l\000o\000d\000y\000\040\000/\000\040\000P\000i\000t\000c\000h\000\040\000E\000x\000t\000r\000a\000c\000t\000i\000o\000n}{section.2.3}% 17
\BOOKMARK [1][-]{section.2.4}{\376\377\000M\000u\000s\000i\000c\000\040\000S\000i\000m\000i\000l\000a\000r\000i\000t\000y\000\040\000M\000e\000a\000s\000u\000r\000e\000m\000e\000n\000t\000s}{chapter.2}% 18
\BOOKMARK [2][-]{subsection.2.4.1}{\376\377\000T\000i\000m\000b\000r\000e\000\040\000B\000a\000s\000e\000d}{section.2.4}% 19
\BOOKMARK [2][-]{subsection.2.4.2}{\376\377\000P\000i\000t\000c\000h\000\040\000B\000a\000s\000e\000d}{section.2.4}% 20
\BOOKMARK [2][-]{subsection.2.4.3}{\376\377\000N\000o\000t\000e\000\040\000B\000a\000s\000e\000d}{section.2.4}% 21
\BOOKMARK [2][-]{subsection.2.4.4}{\376\377\000R\000h\000y\000t\000h\000m\000\040\000B\000a\000s\000e\000d}{section.2.4}% 22
\BOOKMARK [2][-]{subsection.2.4.5}{\376\377\000M\000e\000t\000a\000d\000a\000t\000a\000\040\000B\000a\000s\000e\000d\000\040\000/\000\040\000C\000o\000l\000l\000a\000b\000o\000r\000a\000t\000i\000v\000e\000\040\000F\000i\000l\000t\000e\000r\000i\000n\000g}{section.2.4}% 23
\BOOKMARK [2][-]{subsection.2.4.6}{\376\377\000G\000e\000n\000r\000e\000\040\000S\000p\000e\000c\000i\000f\000i\000c\000\040\000F\000e\000a\000t\000u\000r\000e\000s}{section.2.4}% 24
\BOOKMARK [2][-]{subsection.2.4.7}{\376\377\000S\000e\000l\000e\000c\000t\000i\000o\000n}{section.2.4}% 25
\BOOKMARK [1][-]{section.2.5}{\376\377\000D\000a\000t\000a\000\040\000A\000g\000g\000r\000e\000g\000a\000t\000i\000o\000n}{chapter.2}% 26
\BOOKMARK [2][-]{subsection.2.5.1}{\376\377\000D\000a\000t\000a\000s\000e\000t\000s}{section.2.5}% 27
\BOOKMARK [2][-]{subsection.2.5.2}{\376\377\000A\000l\000t\000e\000r\000n\000a\000t\000i\000v\000e\000s}{section.2.5}% 28
\BOOKMARK [1][-]{section.2.6}{\376\377\000B\000i\000g\000\040\000D\000a\000t\000a}{chapter.2}% 29
\BOOKMARK [2][-]{subsection.2.6.1}{\376\377\000H\000a\000d\000o\000o\000p}{section.2.6}% 30
\BOOKMARK [2][-]{subsection.2.6.2}{\376\377\000S\000p\000a\000r\000k}{section.2.6}% 31
\BOOKMARK [2][-]{subsection.2.6.3}{\376\377\000M\000u\000s\000i\000c\000\040\000S\000i\000m\000i\000l\000a\000r\000i\000t\000y\000\040\000w\000i\000t\000h\000\040\000B\000i\000g\000\040\000D\000a\000t\000a\000\040\000F\000r\000a\000m\000e\000w\000o\000r\000k\000s}{section.2.6}% 32
\BOOKMARK [0][]{chapter.3}{\376\377\000S\000i\000m\000i\000l\000a\000r\000i\000t\000y\000\040\000A\000n\000a\000l\000y\000s\000i\000s}{}% 33
\BOOKMARK [1][-]{section.3.1}{\376\377\000T\000i\000m\000b\000r\000e\000\040\000S\000i\000m\000i\000l\000a\000r\000i\000t\000y}{chapter.3}% 34
\BOOKMARK [2][-]{subsection.3.1.1}{\376\377\000E\000u\000c\000l\000i\000d\000e\000a\000n\000\040\000D\000i\000s\000t\000a\000n\000c\000e}{section.3.1}% 35
\BOOKMARK [2][-]{subsection.3.1.2}{\376\377\000S\000i\000n\000g\000l\000e\000\040\000G\000a\000u\000s\000s\000i\000a\000n\000\040\000M\000o\000d\000e\000l}{section.3.1}% 36
\BOOKMARK [2][-]{subsection.3.1.3}{\376\377\000G\000a\000u\000s\000s\000i\000a\000n\000\040\000M\000i\000x\000t\000u\000r\000e\000\040\000M\000o\000d\000e\000l\000s\000\040\000a\000n\000d\000\040\000B\000l\000o\000c\000k\000-\000L\000e\000v\000e\000l\000\040\000F\000e\000a\000t\000u\000r\000e\000s}{section.3.1}% 37
\BOOKMARK [2][-]{subsection.3.1.4}{\376\377\000V\000a\000l\000i\000d\000a\000t\000i\000o\000n}{section.3.1}% 38
\BOOKMARK [1][-]{section.3.2}{\376\377\000M\000e\000l\000o\000d\000i\000c\000\040\000S\000i\000m\000i\000l\000a\000r\000i\000t\000y}{chapter.3}% 39
\BOOKMARK [2][-]{subsection.3.2.1}{\376\377\000C\000h\000r\000o\000m\000a\000\040\000F\000e\000a\000t\000u\000r\000e\000s\000\040\000P\000r\000e\000-\000P\000r\000o\000c\000e\000s\000s\000i\000n\000g}{section.3.2}% 40
\BOOKMARK [2][-]{subsection.3.2.2}{\376\377\000S\000i\000m\000i\000l\000a\000r\000i\000t\000y\000\040\000o\000f\000\040\000M\000e\000l\000o\000d\000i\000c\000\040\000F\000e\000a\000t\000u\000r\000e\000s}{section.3.2}% 41
\BOOKMARK [2][-]{subsection.3.2.3}{\376\377\000V\000a\000l\000i\000d\000a\000t\000i\000o\000n}{section.3.2}% 42
\BOOKMARK [1][-]{section.3.3}{\376\377\000R\000h\000y\000t\000h\000m\000i\000c\000\040\000S\000i\000m\000i\000l\000a\000r\000i\000t\000y}{chapter.3}% 43
\BOOKMARK [2][-]{subsection.3.3.1}{\376\377\000B\000e\000a\000t\000\040\000H\000i\000s\000t\000o\000g\000r\000a\000m}{section.3.3}% 44
\BOOKMARK [2][-]{subsection.3.3.2}{\376\377\000R\000h\000y\000t\000h\000m\000\040\000P\000a\000t\000t\000e\000r\000n\000s}{section.3.3}% 45
\BOOKMARK [2][-]{subsection.3.3.3}{\376\377\000R\000h\000y\000t\000h\000m\000\040\000H\000i\000s\000t\000o\000g\000r\000a\000m}{section.3.3}% 46
\BOOKMARK [2][-]{subsection.3.3.4}{\376\377\000C\000r\000o\000s\000s\000-\000C\000o\000r\000r\000e\000l\000a\000t\000i\000o\000n}{section.3.3}% 47
\BOOKMARK [1][-]{section.3.4}{\376\377\000S\000u\000m\000m\000a\000r\000y}{chapter.3}% 48
\BOOKMARK [0][]{chapter.4}{\376\377\000I\000m\000p\000l\000e\000m\000e\000n\000t\000a\000t\000i\000o\000n}{}% 49
\BOOKMARK [1][-]{section.4.1}{\376\377\000U\000n\000d\000e\000r\000l\000y\000i\000n\000g\000\040\000H\000a\000r\000d\000w\000a\000r\000e}{chapter.4}% 50
\BOOKMARK [1][-]{section.4.2}{\376\377\000A\000u\000d\000i\000o\000\040\000F\000e\000a\000t\000u\000r\000e\000\040\000E\000x\000t\000r\000a\000c\000t\000i\000o\000n}{chapter.4}% 51
\BOOKMARK [2][-]{subsection.4.2.1}{\376\377\000T\000e\000s\000t\000\040\000D\000a\000t\000a\000s\000e\000t\000s}{section.4.2}% 52
\BOOKMARK [2][-]{subsection.4.2.2}{\376\377\000F\000e\000a\000t\000u\000r\000e\000\040\000E\000x\000t\000r\000a\000c\000t\000i\000o\000n\000\040\000P\000e\000r\000f\000o\000r\000m\000a\000n\000c\000e}{section.4.2}% 53
\BOOKMARK [1][-]{section.4.3}{\376\377\000B\000i\000g\000\040\000D\000a\000t\000a\000\040\000F\000r\000a\000m\000e\000w\000o\000r\000k\000\040\000S\000p\000a\000r\000k}{chapter.4}% 54
\BOOKMARK [2][-]{subsection.4.3.1}{\376\377\000F\000e\000a\000t\000u\000r\000e\000\040\000F\000i\000l\000e\000s}{section.4.3}% 55
\BOOKMARK [2][-]{subsection.4.3.2}{\376\377\000W\000o\000r\000k\000f\000l\000o\000w}{section.4.3}% 56
\BOOKMARK [2][-]{subsection.4.3.3}{\376\377\000D\000a\000t\000a\000\040\000P\000r\000e\000p\000a\000r\000a\000t\000i\000o\000n}{section.4.3}% 57
\BOOKMARK [2][-]{subsection.4.3.4}{\376\377\000D\000i\000s\000t\000a\000n\000c\000e\000\040\000C\000o\000m\000p\000u\000t\000a\000t\000i\000o\000n}{section.4.3}% 58
\BOOKMARK [2][-]{subsection.4.3.5}{\376\377\000D\000i\000s\000t\000a\000n\000c\000e\000\040\000S\000c\000a\000l\000i\000n\000g}{section.4.3}% 59
\BOOKMARK [2][-]{subsection.4.3.6}{\376\377\000C\000o\000m\000b\000i\000n\000i\000n\000g\000\040\000D\000i\000f\000f\000e\000r\000e\000n\000t\000\040\000M\000e\000a\000s\000u\000r\000e\000m\000e\000n\000t\000s}{section.4.3}% 60
\BOOKMARK [2][-]{subsection.4.3.7}{\376\377\000P\000e\000r\000f\000o\000r\000m\000a\000n\000c\000e}{section.4.3}% 61
\BOOKMARK [2][-]{subsection.4.3.8}{\376\377\000P\000o\000s\000s\000i\000b\000l\000e\000\040\000I\000m\000p\000r\000o\000v\000e\000m\000e\000n\000t\000s\000\040\000a\000n\000d\000\040\000A\000d\000d\000i\000t\000i\000o\000n\000s}{section.4.3}% 62
\BOOKMARK [0][]{chapter.5}{\376\377\000R\000e\000s\000u\000l\000t\000s}{}% 63
\BOOKMARK [1][-]{section.5.1}{\376\377\000O\000b\000j\000e\000c\000t\000i\000v\000e\000\040\000E\000v\000a\000l\000u\000a\000t\000i\000o\000n}{chapter.5}% 64
\BOOKMARK [2][-]{subsection.5.1.1}{\376\377\000F\000e\000a\000t\000u\000r\000e\000\040\000C\000o\000r\000r\000e\000l\000a\000t\000i\000o\000n\000\040\000a\000n\000d\000\040\000D\000i\000s\000t\000a\000n\000c\000e\000\040\000D\000i\000s\000t\000r\000i\000b\000u\000t\000i\000o\000n}{section.5.1}% 65
\BOOKMARK [2][-]{subsection.5.1.2}{\376\377\000C\000o\000v\000e\000r\000\040\000S\000o\000n\000g\000\040\000I\000d\000e\000n\000t\000i\000f\000i\000c\000a\000t\000i\000o\000n}{section.5.1}% 66
\BOOKMARK [2][-]{subsection.5.1.3}{\376\377\000G\000e\000n\000r\000e\000\040\000S\000i\000m\000i\000l\000a\000r\000i\000t\000y}{section.5.1}% 67
\BOOKMARK [2][-]{subsection.5.1.4}{\376\377\000R\000h\000y\000t\000h\000m\000\040\000F\000e\000a\000t\000u\000r\000e\000s}{section.5.1}% 68
\BOOKMARK [1][-]{section.5.2}{\376\377\000S\000u\000b\000j\000e\000c\000t\000i\000v\000e\000\040\000E\000v\000a\000l\000u\000a\000t\000i\000o\000n}{chapter.5}% 69
\BOOKMARK [2][-]{subsection.5.2.1}{\376\377\000B\000e\000y\000o\000n\000d\000\040\000G\000e\000n\000r\000e\000\040\000B\000o\000u\000n\000d\000a\000r\000i\000e\000s}{section.5.2}% 70
\BOOKMARK [2][-]{subsection.5.2.2}{\376\377\000P\000e\000r\000s\000o\000n\000a\000l\000\040\000M\000u\000s\000i\000c\000\040\000T\000a\000s\000t\000e}{section.5.2}% 71
\BOOKMARK [0][]{chapter.6}{\376\377\000S\000u\000m\000m\000a\000r\000y}{}% 72
\BOOKMARK [1][-]{section.6.1}{\376\377\000C\000o\000n\000c\000l\000u\000s\000i\000o\000n}{chapter.6}% 73
\BOOKMARK [1][-]{section.6.2}{\376\377\000P\000e\000r\000f\000o\000r\000m\000a\000n\000c\000e}{chapter.6}% 74
\BOOKMARK [1][-]{section.6.3}{\376\377\000O\000u\000t\000l\000o\000o\000k}{chapter.6}% 75
\BOOKMARK [0][]{section*.53}{\376\377\000R\000e\000f\000e\000r\000e\000n\000c\000e\000s}{}% 76
\BOOKMARK [0][]{appendix.A}{\376\377\000A\000p\000p\000e\000n\000d\000i\000x}{}% 77
\BOOKMARK [1][-]{section.A.1}{\376\377\000F\000e\000a\000t\000u\000r\000e\000\040\000A\000n\000a\000l\000y\000s\000i\000s}{appendix.A}% 78
\BOOKMARK [1][-]{section.A.2}{\376\377\000S\000p\000o\000t\000i\000p\000y\000\040\000D\000a\000t\000a\000\040\000E\000x\000t\000r\000a\000c\000t\000i\000o\000n}{appendix.A}% 79
\BOOKMARK [1][-]{section.A.3}{\376\377\000C\000D\000\040\000C\000o\000n\000t\000e\000n\000t\000s}{appendix.A}% 80
\BOOKMARK [0][]{appendix.B}{\376\377\000A\000p\000p\000e\000n\000d\000i\000x\000\040\000-\000\040\000P\000r\000i\000v\000a\000t\000e\000\040\000M\000u\000s\000i\000c\000\040\000C\000o\000l\000l\000e\000c\000t\000i\000o\000n}{}% 81
